[ 2015-11-27T13:55:22+08:00 ] 115.29.39.145 /
INFO: [ app_init ] --START--
INFO: Run Behavior\BuildLiteBehavior [ RunTime:0.000013s ]
INFO: [ app_init ] --END-- [ RunTime:0.000244s ]
INFO: [ app_begin ] --START--
INFO: Run Behavior\ReadHtmlCacheBehavior [ RunTime:0.000347s ]
INFO: [ app_begin ] --END-- [ RunTime:0.000389s ]
NOTIC: [2048] Declaration of Home\Controller\IndexController::error() should be compatible with Think\Controller::error($message = '', $jumpUrl = '', $ajax = false) /var/www/betterlife/Application/Home/Controller/IndexController.class.php 第 20 行.
SQL: SHOW COLUMNS FROM `bl_article` [ RunTime:0.0007s ]
SQL: SHOW COLUMNS FROM `bl_article` [ RunTime:0.0008s ]
SQL: SELECT * FROM `bl_article` WHERE `share` = 1 ORDER BY createtime desc  [ RunTime:0.0008s ]
SQL: SHOW COLUMNS FROM `bl_category` [ RunTime:0.0004s ]
SQL: SELECT * FROM `bl_category` WHERE `categoryid` = 1 LIMIT 1   [ RunTime:0.0001s ]
SQL: SHOW COLUMNS FROM `bl_sign` [ RunTime:0.0004s ]
SQL: SELECT * FROM `bl_sign` WHERE `signid` = 63 LIMIT 1   [ RunTime:0.0001s ]
SQL: SHOW COLUMNS FROM `bl_user` [ RunTime:0.0004s ]
SQL: SELECT * FROM `bl_user` WHERE `uid` = 25 LIMIT 1   [ RunTime:0.0002s ]
SQL: SELECT * FROM `bl_category` WHERE `categoryid` = 9 LIMIT 1   [ RunTime:0.0001s ]
SQL: SELECT * FROM `bl_sign` WHERE `signid` = 37 LIMIT 1   [ RunTime:0.0001s ]
SQL: SELECT * FROM `bl_sign` WHERE `signid` = 45 LIMIT 1   [ RunTime:0.0001s ]
SQL: SELECT * FROM `bl_sign` WHERE `signid` = 51 LIMIT 1   [ RunTime:0.0001s ]
SQL: SELECT * FROM `bl_sign` WHERE `signid` = 62 LIMIT 1   [ RunTime:0.0001s ]
SQL: SELECT * FROM `bl_user` WHERE `uid` = 25 LIMIT 1   [ RunTime:0.0001s ]
SQL: SELECT * FROM `bl_category` WHERE `categoryid` = 9 LIMIT 1   [ RunTime:0.0001s ]
SQL: SELECT * FROM `bl_sign` WHERE `signid` = 37 LIMIT 1   [ RunTime:0.0001s ]
SQL: SELECT * FROM `bl_sign` WHERE `signid` = 45 LIMIT 1   [ RunTime:0.0001s ]
SQL: SELECT * FROM `bl_sign` WHERE `signid` = 50 LIMIT 1   [ RunTime:0.0001s ]
SQL: SELECT * FROM `bl_sign` WHERE `signid` = 60 LIMIT 1   [ RunTime:0.0001s ]
SQL: SELECT * FROM `bl_sign` WHERE `signid` = 61 LIMIT 1   [ RunTime:0.0001s ]
SQL: SELECT * FROM `bl_user` WHERE `uid` = 25 LIMIT 1   [ RunTime:0.0002s ]
SQL: SELECT * FROM `bl_category` WHERE `categoryid` = 9 LIMIT 1   [ RunTime:0.0002s ]
SQL: SELECT * FROM `bl_sign` WHERE `signid` = 60 LIMIT 1   [ RunTime:0.0001s ]
SQL: SELECT * FROM `bl_user` WHERE `uid` = 25 LIMIT 1   [ RunTime:0.0001s ]
SQL: SELECT * FROM `bl_category` WHERE `categoryid` = 9 LIMIT 1   [ RunTime:0.0001s ]
SQL: SELECT * FROM `bl_sign` WHERE `signid` = 45 LIMIT 1   [ RunTime:0.0001s ]
SQL: SELECT * FROM `bl_sign` WHERE `signid` = 59 LIMIT 1   [ RunTime:0.0001s ]
SQL: SELECT * FROM `bl_user` WHERE `uid` = 25 LIMIT 1   [ RunTime:0.0001s ]
SQL: SELECT * FROM `bl_category` WHERE `categoryid` = 9 LIMIT 1   [ RunTime:0.0001s ]
SQL: SELECT * FROM `bl_sign` WHERE `signid` = 45 LIMIT 1   [ RunTime:0.0001s ]
SQL: SELECT * FROM `bl_sign` WHERE `signid` = 51 LIMIT 1   [ RunTime:0.0001s ]
SQL: SELECT * FROM `bl_sign` WHERE `signid` = 58 LIMIT 1   [ RunTime:0.0001s ]
SQL: SELECT * FROM `bl_user` WHERE `uid` = 25 LIMIT 1   [ RunTime:0.0001s ]
SQL: SELECT * FROM `bl_category` WHERE `categoryid` = 9 LIMIT 1   [ RunTime:0.0001s ]
SQL: SELECT * FROM `bl_sign` WHERE `signid` = 37 LIMIT 1   [ RunTime:0.0001s ]
SQL: SELECT * FROM `bl_sign` WHERE `signid` = 55 LIMIT 1   [ RunTime:0.0002s ]
SQL: SELECT * FROM `bl_sign` WHERE `signid` = 56 LIMIT 1   [ RunTime:0.0001s ]
SQL: SELECT * FROM `bl_user` WHERE `uid` = 25 LIMIT 1   [ RunTime:0.0001s ]
SQL: SELECT * FROM `bl_category` WHERE `categoryid` = 9 LIMIT 1   [ RunTime:0.0001s ]
SQL: SELECT * FROM `bl_sign` WHERE `signid` = 37 LIMIT 1   [ RunTime:0.0001s ]
SQL: SELECT * FROM `bl_sign` WHERE `signid` = 46 LIMIT 1   [ RunTime:0.0001s ]
SQL: SELECT * FROM `bl_sign` WHERE `signid` = 55 LIMIT 1   [ RunTime:0.0001s ]
SQL: SELECT * FROM `bl_user` WHERE `uid` = 25 LIMIT 1   [ RunTime:0.0001s ]
SQL: SELECT * FROM `bl_category` WHERE `categoryid` = 9 LIMIT 1   [ RunTime:0.0001s ]
SQL: SELECT * FROM `bl_sign` WHERE `signid` = 53 LIMIT 1   [ RunTime:0.0001s ]
SQL: SELECT * FROM `bl_sign` WHERE `signid` = 54 LIMIT 1   [ RunTime:0.0001s ]
SQL: SELECT * FROM `bl_user` WHERE `uid` = 25 LIMIT 1   [ RunTime:0.0001s ]
SQL: SELECT * FROM `bl_category` WHERE `categoryid` = 9 LIMIT 1   [ RunTime:0.0001s ]
SQL: SELECT * FROM `bl_sign` WHERE `signid` = 53 LIMIT 1   [ RunTime:0.0001s ]
SQL: SELECT * FROM `bl_sign` WHERE `signid` = 54 LIMIT 1   [ RunTime:0.0001s ]
SQL: SELECT * FROM `bl_user` WHERE `uid` = 25 LIMIT 1   [ RunTime:0.0001s ]
SQL: SELECT * FROM `bl_category` WHERE `categoryid` = 9 LIMIT 1   [ RunTime:0.0001s ]
SQL: SELECT * FROM `bl_sign` WHERE `signid` = 34 LIMIT 1   [ RunTime:0.0001s ]
SQL: SELECT * FROM `bl_sign` WHERE `signid` = 37 LIMIT 1   [ RunTime:0.0001s ]
SQL: SELECT * FROM `bl_sign` WHERE `signid` = 45 LIMIT 1   [ RunTime:0.0001s ]
SQL: SELECT * FROM `bl_user` WHERE `uid` = 25 LIMIT 1   [ RunTime:0.0001s ]
SQL: SELECT * FROM `bl_category` WHERE `categoryid` = 9 LIMIT 1   [ RunTime:0.0001s ]
SQL: SELECT * FROM `bl_sign` WHERE `signid` = 37 LIMIT 1   [ RunTime:0.0001s ]
SQL: SELECT * FROM `bl_sign` WHERE `signid` = 45 LIMIT 1   [ RunTime:0.0001s ]
SQL: SELECT * FROM `bl_sign` WHERE `signid` = 46 LIMIT 1   [ RunTime:0.0001s ]
SQL: SELECT * FROM `bl_sign` WHERE `signid` = 50 LIMIT 1   [ RunTime:0.0001s ]
SQL: SELECT * FROM `bl_user` WHERE `uid` = 25 LIMIT 1   [ RunTime:0.0001s ]
SQL: SELECT * FROM `bl_category` WHERE `categoryid` = 9 LIMIT 1   [ RunTime:0.0001s ]
SQL: SELECT * FROM `bl_sign` WHERE `signid` = 37 LIMIT 1   [ RunTime:0.0001s ]
SQL: SELECT * FROM `bl_sign` WHERE `signid` = 45 LIMIT 1   [ RunTime:0.0001s ]
SQL: SELECT * FROM `bl_sign` WHERE `signid` = 51 LIMIT 1   [ RunTime:0.0001s ]
SQL: SELECT * FROM `bl_sign` WHERE `signid` = 52 LIMIT 1   [ RunTime:0.0001s ]
SQL: SELECT * FROM `bl_user` WHERE `uid` = 25 LIMIT 1   [ RunTime:0.0001s ]
SQL: SELECT * FROM `bl_category` WHERE `categoryid` = 9 LIMIT 1   [ RunTime:0.0001s ]
SQL: SELECT * FROM `bl_sign` WHERE `signid` = 37 LIMIT 1   [ RunTime:0.0001s ]
SQL: SELECT * FROM `bl_sign` WHERE `signid` = 45 LIMIT 1   [ RunTime:0.0001s ]
SQL: SELECT * FROM `bl_sign` WHERE `signid` = 46 LIMIT 1   [ RunTime:0.0001s ]
SQL: SELECT * FROM `bl_sign` WHERE `signid` = 49 LIMIT 1   [ RunTime:0.0001s ]
SQL: SELECT * FROM `bl_user` WHERE `uid` = 25 LIMIT 1   [ RunTime:0.0001s ]
SQL: SELECT * FROM `bl_category` WHERE `categoryid` = 9 LIMIT 1   [ RunTime:0.0001s ]
SQL: SELECT * FROM `bl_sign` WHERE `signid` = 37 LIMIT 1   [ RunTime:0.0001s ]
SQL: SELECT * FROM `bl_sign` WHERE `signid` = 45 LIMIT 1   [ RunTime:0.0001s ]
SQL: SELECT * FROM `bl_sign` WHERE `signid` = 46 LIMIT 1   [ RunTime:0.0001s ]
SQL: SELECT * FROM `bl_user` WHERE `uid` = 25 LIMIT 1   [ RunTime:0.0001s ]
SQL: SELECT * FROM `bl_category` WHERE `categoryid` = 9 LIMIT 1   [ RunTime:0.0001s ]
SQL: SELECT * FROM `bl_sign` WHERE `signid` = 37 LIMIT 1   [ RunTime:0.0001s ]
SQL: SELECT * FROM `bl_sign` WHERE `signid` = 45 LIMIT 1   [ RunTime:0.0001s ]
SQL: SELECT * FROM `bl_sign` WHERE `signid` = 46 LIMIT 1   [ RunTime:0.0001s ]
SQL: SELECT * FROM `bl_user` WHERE `uid` = 25 LIMIT 1   [ RunTime:0.0001s ]
SQL: SELECT * FROM `bl_category` WHERE `categoryid` = 9 LIMIT 1   [ RunTime:0.0001s ]
SQL: SELECT * FROM `bl_sign` WHERE `signid` = 37 LIMIT 1   [ RunTime:0.0001s ]
SQL: SELECT * FROM `bl_sign` WHERE `signid` = 45 LIMIT 1   [ RunTime:0.0001s ]
SQL: SELECT * FROM `bl_sign` WHERE `signid` = 46 LIMIT 1   [ RunTime:0.0001s ]
SQL: SELECT * FROM `bl_user` WHERE `uid` = 25 LIMIT 1   [ RunTime:0.0001s ]
SQL: SELECT * FROM `bl_category` WHERE `categoryid` = 9 LIMIT 1   [ RunTime:0.0001s ]
SQL: SELECT * FROM `bl_sign` WHERE `signid` = 37 LIMIT 1   [ RunTime:0.0001s ]
SQL: SELECT * FROM `bl_sign` WHERE `signid` = 46 LIMIT 1   [ RunTime:0.0001s ]
SQL: SELECT * FROM `bl_user` WHERE `uid` = 25 LIMIT 1   [ RunTime:0.0001s ]
SQL: SELECT * FROM `bl_category` WHERE `categoryid` = 9 LIMIT 1   [ RunTime:0.0001s ]
SQL: SELECT * FROM `bl_sign` WHERE `signid` = 37 LIMIT 1   [ RunTime:0.0001s ]
SQL: SELECT * FROM `bl_sign` WHERE `signid` = 45 LIMIT 1   [ RunTime:0.0001s ]
SQL: SELECT * FROM `bl_sign` WHERE `signid` = 46 LIMIT 1   [ RunTime:0.0001s ]
SQL: SELECT * FROM `bl_user` WHERE `uid` = 25 LIMIT 1   [ RunTime:0.0001s ]
SQL: SELECT * FROM `bl_category` WHERE `categoryid` = 9 LIMIT 1   [ RunTime:0.0001s ]
SQL: SELECT * FROM `bl_sign` WHERE `signid` = 45 LIMIT 1   [ RunTime:0.0001s ]
SQL: SELECT * FROM `bl_sign` WHERE `signid` = 46 LIMIT 1   [ RunTime:0.0001s ]
SQL: SELECT * FROM `bl_sign` WHERE `signid` = 47 LIMIT 1   [ RunTime:0.0001s ]
SQL: SELECT * FROM `bl_user` WHERE `uid` = 25 LIMIT 1   [ RunTime:0.0001s ]
SQL: SELECT * FROM `bl_category` WHERE `categoryid` = 9 LIMIT 1   [ RunTime:0.0001s ]
SQL: SELECT * FROM `bl_sign` WHERE `signid` = 45 LIMIT 1   [ RunTime:0.0001s ]
SQL: SELECT * FROM `bl_sign` WHERE `signid` = 46 LIMIT 1   [ RunTime:0.0001s ]
SQL: SELECT * FROM `bl_sign` WHERE `signid` = 47 LIMIT 1   [ RunTime:0.0001s ]
SQL: SELECT * FROM `bl_user` WHERE `uid` = 25 LIMIT 1   [ RunTime:0.0001s ]
SQL: SELECT * FROM `bl_category` WHERE `categoryid` = 1 LIMIT 1   [ RunTime:0.0001s ]
SQL: SELECT * FROM `bl_sign` WHERE `signid` = 15 LIMIT 1   [ RunTime:0.0001s ]
SQL: SELECT * FROM `bl_user` WHERE `uid` = 25 LIMIT 1   [ RunTime:0.0001s ]
SQL: SELECT * FROM `bl_category` WHERE `categoryid` = 11 LIMIT 1   [ RunTime:0.0001s ]
SQL: SELECT * FROM `bl_sign` WHERE `signid` = 43 LIMIT 1   [ RunTime:0.0001s ]
SQL: SELECT * FROM `bl_user` WHERE `uid` = 25 LIMIT 1   [ RunTime:0.0001s ]
SQL: SELECT * FROM `bl_category` WHERE `categoryid` = 9 LIMIT 1   [ RunTime:0.0001s ]
SQL: SELECT * FROM `bl_sign` WHERE `signid` = 41 LIMIT 1   [ RunTime:0.0001s ]
SQL: SELECT * FROM `bl_user` WHERE `uid` = 25 LIMIT 1   [ RunTime:0.0001s ]
SQL: SELECT * FROM `bl_category` WHERE `categoryid` = 10 LIMIT 1   [ RunTime:0.0001s ]
SQL: SELECT * FROM `bl_sign` WHERE `signid` = 39 LIMIT 1   [ RunTime:0.0001s ]
SQL: SELECT * FROM `bl_user` WHERE `uid` = 25 LIMIT 1   [ RunTime:0.0001s ]
SQL: SELECT * FROM `bl_category` WHERE `categoryid` = 10 LIMIT 1   [ RunTime:0.0001s ]
SQL: SELECT * FROM `bl_sign` WHERE `signid` = 39 LIMIT 1   [ RunTime:0.0001s ]
SQL: SELECT * FROM `bl_user` WHERE `uid` = 25 LIMIT 1   [ RunTime:0.0001s ]
SQL: SELECT * FROM `bl_category` WHERE `categoryid` = 9 LIMIT 1   [ RunTime:0.0001s ]
SQL: SELECT * FROM `bl_sign` WHERE `signid` = 35 LIMIT 1   [ RunTime:0.0001s ]
SQL: SELECT * FROM `bl_sign` WHERE `signid` = 36 LIMIT 1   [ RunTime:0.0001s ]
SQL: SELECT * FROM `bl_sign` WHERE `signid` = 37 LIMIT 1   [ RunTime:0.0001s ]
SQL: SELECT * FROM `bl_user` WHERE `uid` = 25 LIMIT 1   [ RunTime:0.0001s ]
SQL: SELECT * FROM `bl_category` WHERE `categoryid` = 9 LIMIT 1   [ RunTime:0.0001s ]
SQL: SELECT * FROM `bl_sign` WHERE `signid` = 30 LIMIT 1   [ RunTime:0.0001s ]
SQL: SELECT * FROM `bl_sign` WHERE `signid` = 38 LIMIT 1   [ RunTime:0.0001s ]
SQL: SELECT * FROM `bl_user` WHERE `uid` = 25 LIMIT 1   [ RunTime:0.0001s ]
SQL: SELECT * FROM `bl_category` WHERE `categoryid` = 9 LIMIT 1   [ RunTime:0.0001s ]
SQL: SELECT * FROM `bl_sign` WHERE `signid` = 27 LIMIT 1   [ RunTime:0.0001s ]
SQL: SELECT * FROM `bl_sign` WHERE `signid` = 28 LIMIT 1   [ RunTime:0.0001s ]
SQL: SELECT * FROM `bl_user` WHERE `uid` = 25 LIMIT 1   [ RunTime:0.0001s ]
SQL: SELECT * FROM `bl_category` WHERE `categoryid` = 9 LIMIT 1   [ RunTime:0.0001s ]
SQL: SELECT * FROM `bl_sign` WHERE `signid` = 21 LIMIT 1   [ RunTime:0.0001s ]
SQL: SELECT * FROM `bl_sign` WHERE `signid` = 22 LIMIT 1   [ RunTime:0.0003s ]
SQL: SELECT * FROM `bl_user` WHERE `uid` = 25 LIMIT 1   [ RunTime:0.0002s ]
SQL: SELECT * FROM `bl_category` WHERE `categoryid` = 1 LIMIT 1   [ RunTime:0.0001s ]
SQL: SELECT * FROM `bl_sign` WHERE `signid` = 2 LIMIT 1   [ RunTime:0.0001s ]
SQL: SELECT * FROM `bl_sign` WHERE `signid` = 3 LIMIT 1   [ RunTime:0.0001s ]
SQL: SELECT * FROM `bl_sign` WHERE `signid` = 14 LIMIT 1   [ RunTime:0.0001s ]
SQL: SELECT * FROM `bl_user` WHERE `uid` = 25 LIMIT 1   [ RunTime:0.0001s ]
SQL: SELECT * FROM `bl_category` WHERE `categoryid` = 4 LIMIT 1   [ RunTime:0.0001s ]
SQL: SELECT * FROM `bl_sign` WHERE `signid` = 6 LIMIT 1   [ RunTime:0.0001s ]
SQL: SELECT * FROM `bl_sign` WHERE `signid` = 13 LIMIT 1   [ RunTime:0.0001s ]
SQL: SELECT * FROM `bl_user` WHERE `uid` = 25 LIMIT 1   [ RunTime:0.0002s ]
INFO: [ view_parse ] --START--
INFO: [ template_filter ] --START--
INFO: Run Behavior\ContentReplaceBehavior [ RunTime:0.000056s ]
INFO: [ template_filter ] --END-- [ RunTime:0.000098s ]
INFO: Run Behavior\ParseTemplateBehavior [ RunTime:0.007297s ]
INFO: [ view_parse ] --END-- [ RunTime:0.007342s ]
INFO: [ view_filter ] --START--
INFO: Run Behavior\WriteHtmlCacheBehavior [ RunTime:0.000107s ]
INFO: [ view_filter ] --END-- [ RunTime:0.000144s ]
INFO: [ app_end ] --START--
INFO: Run Behavior\ShowPageTraceBehavior [ RunTime:0.000523s ]
INFO: [ app_end ] --END-- [ RunTime:0.000579s ]

[ 2015-11-27T14:00:22+08:00 ] 115.29.39.145 /
INFO: [ app_init ] --START--
INFO: Run Behavior\BuildLiteBehavior [ RunTime:0.000013s ]
INFO: [ app_init ] --END-- [ RunTime:0.000251s ]
INFO: [ app_begin ] --START--
INFO: Run Behavior\ReadHtmlCacheBehavior [ RunTime:0.000327s ]
INFO: [ app_begin ] --END-- [ RunTime:0.000376s ]
NOTIC: [2048] Declaration of Home\Controller\IndexController::error() should be compatible with Think\Controller::error($message = '', $jumpUrl = '', $ajax = false) /var/www/betterlife/Application/Home/Controller/IndexController.class.php 第 20 行.
SQL: SHOW COLUMNS FROM `bl_article` [ RunTime:0.0007s ]
SQL: SHOW COLUMNS FROM `bl_article` [ RunTime:0.0005s ]
SQL: SELECT * FROM `bl_article` WHERE `share` = 1 ORDER BY createtime desc  [ RunTime:0.0008s ]
SQL: SHOW COLUMNS FROM `bl_category` [ RunTime:0.0003s ]
SQL: SELECT * FROM `bl_category` WHERE `categoryid` = 1 LIMIT 1   [ RunTime:0.0002s ]
SQL: SHOW COLUMNS FROM `bl_sign` [ RunTime:0.0003s ]
SQL: SELECT * FROM `bl_sign` WHERE `signid` = 63 LIMIT 1   [ RunTime:0.0001s ]
SQL: SHOW COLUMNS FROM `bl_user` [ RunTime:0.0004s ]
SQL: SELECT * FROM `bl_user` WHERE `uid` = 25 LIMIT 1   [ RunTime:0.0002s ]
SQL: SELECT * FROM `bl_category` WHERE `categoryid` = 9 LIMIT 1   [ RunTime:0.0002s ]
SQL: SELECT * FROM `bl_sign` WHERE `signid` = 37 LIMIT 1   [ RunTime:0.0001s ]
SQL: SELECT * FROM `bl_sign` WHERE `signid` = 45 LIMIT 1   [ RunTime:0.0002s ]
SQL: SELECT * FROM `bl_sign` WHERE `signid` = 51 LIMIT 1   [ RunTime:0.0001s ]
SQL: SELECT * FROM `bl_sign` WHERE `signid` = 62 LIMIT 1   [ RunTime:0.0001s ]
SQL: SELECT * FROM `bl_user` WHERE `uid` = 25 LIMIT 1   [ RunTime:0.0001s ]
SQL: SELECT * FROM `bl_category` WHERE `categoryid` = 9 LIMIT 1   [ RunTime:0.0001s ]
SQL: SELECT * FROM `bl_sign` WHERE `signid` = 37 LIMIT 1   [ RunTime:0.0001s ]
SQL: SELECT * FROM `bl_sign` WHERE `signid` = 45 LIMIT 1   [ RunTime:0.0001s ]
SQL: SELECT * FROM `bl_sign` WHERE `signid` = 50 LIMIT 1   [ RunTime:0.0001s ]
SQL: SELECT * FROM `bl_sign` WHERE `signid` = 60 LIMIT 1   [ RunTime:0.0001s ]
SQL: SELECT * FROM `bl_sign` WHERE `signid` = 61 LIMIT 1   [ RunTime:0.0001s ]
SQL: SELECT * FROM `bl_user` WHERE `uid` = 25 LIMIT 1   [ RunTime:0.0001s ]
SQL: SELECT * FROM `bl_category` WHERE `categoryid` = 9 LIMIT 1   [ RunTime:0.0001s ]
SQL: SELECT * FROM `bl_sign` WHERE `signid` = 60 LIMIT 1   [ RunTime:0.0002s ]
SQL: SELECT * FROM `bl_user` WHERE `uid` = 25 LIMIT 1   [ RunTime:0.0001s ]
SQL: SELECT * FROM `bl_category` WHERE `categoryid` = 9 LIMIT 1   [ RunTime:0.0001s ]
SQL: SELECT * FROM `bl_sign` WHERE `signid` = 45 LIMIT 1   [ RunTime:0.0001s ]
SQL: SELECT * FROM `bl_sign` WHERE `signid` = 59 LIMIT 1   [ RunTime:0.0001s ]
SQL: SELECT * FROM `bl_user` WHERE `uid` = 25 LIMIT 1   [ RunTime:0.0001s ]
SQL: SELECT * FROM `bl_category` WHERE `categoryid` = 9 LIMIT 1   [ RunTime:0.0001s ]
SQL: SELECT * FROM `bl_sign` WHERE `signid` = 45 LIMIT 1   [ RunTime:0.0001s ]
SQL: SELECT * FROM `bl_sign` WHERE `signid` = 51 LIMIT 1   [ RunTime:0.0001s ]
SQL: SELECT * FROM `bl_sign` WHERE `signid` = 58 LIMIT 1   [ RunTime:0.0001s ]
SQL: SELECT * FROM `bl_user` WHERE `uid` = 25 LIMIT 1   [ RunTime:0.0001s ]
SQL: SELECT * FROM `bl_category` WHERE `categoryid` = 9 LIMIT 1   [ RunTime:0.0001s ]
SQL: SELECT * FROM `bl_sign` WHERE `signid` = 37 LIMIT 1   [ RunTime:0.0001s ]
SQL: SELECT * FROM `bl_sign` WHERE `signid` = 55 LIMIT 1   [ RunTime:0.0001s ]
SQL: SELECT * FROM `bl_sign` WHERE `signid` = 56 LIMIT 1   [ RunTime:0.0001s ]
SQL: SELECT * FROM `bl_user` WHERE `uid` = 25 LIMIT 1   [ RunTime:0.0001s ]
SQL: SELECT * FROM `bl_category` WHERE `categoryid` = 9 LIMIT 1   [ RunTime:0.0001s ]
SQL: SELECT * FROM `bl_sign` WHERE `signid` = 37 LIMIT 1   [ RunTime:0.0001s ]
SQL: SELECT * FROM `bl_sign` WHERE `signid` = 46 LIMIT 1   [ RunTime:0.0001s ]
SQL: SELECT * FROM `bl_sign` WHERE `signid` = 55 LIMIT 1   [ RunTime:0.0001s ]
SQL: SELECT * FROM `bl_user` WHERE `uid` = 25 LIMIT 1   [ RunTime:0.0001s ]
SQL: SELECT * FROM `bl_category` WHERE `categoryid` = 9 LIMIT 1   [ RunTime:0.0001s ]
SQL: SELECT * FROM `bl_sign` WHERE `signid` = 53 LIMIT 1   [ RunTime:0.0001s ]
SQL: SELECT * FROM `bl_sign` WHERE `signid` = 54 LIMIT 1   [ RunTime:0.0001s ]
SQL: SELECT * FROM `bl_user` WHERE `uid` = 25 LIMIT 1   [ RunTime:0.0001s ]
SQL: SELECT * FROM `bl_category` WHERE `categoryid` = 9 LIMIT 1   [ RunTime:0.0001s ]
SQL: SELECT * FROM `bl_sign` WHERE `signid` = 53 LIMIT 1   [ RunTime:0.0001s ]
SQL: SELECT * FROM `bl_sign` WHERE `signid` = 54 LIMIT 1   [ RunTime:0.0002s ]
SQL: SELECT * FROM `bl_user` WHERE `uid` = 25 LIMIT 1   [ RunTime:0.0002s ]
SQL: SELECT * FROM `bl_category` WHERE `categoryid` = 9 LIMIT 1   [ RunTime:0.0001s ]
SQL: SELECT * FROM `bl_sign` WHERE `signid` = 34 LIMIT 1   [ RunTime:0.0001s ]
SQL: SELECT * FROM `bl_sign` WHERE `signid` = 37 LIMIT 1   [ RunTime:0.0001s ]
SQL: SELECT * FROM `bl_sign` WHERE `signid` = 45 LIMIT 1   [ RunTime:0.0001s ]
SQL: SELECT * FROM `bl_user` WHERE `uid` = 25 LIMIT 1   [ RunTime:0.0001s ]
SQL: SELECT * FROM `bl_category` WHERE `categoryid` = 9 LIMIT 1   [ RunTime:0.0001s ]
SQL: SELECT * FROM `bl_sign` WHERE `signid` = 37 LIMIT 1   [ RunTime:0.0001s ]
SQL: SELECT * FROM `bl_sign` WHERE `signid` = 45 LIMIT 1   [ RunTime:0.0001s ]
SQL: SELECT * FROM `bl_sign` WHERE `signid` = 46 LIMIT 1   [ RunTime:0.0001s ]
SQL: SELECT * FROM `bl_sign` WHERE `signid` = 50 LIMIT 1   [ RunTime:0.0001s ]
SQL: SELECT * FROM `bl_user` WHERE `uid` = 25 LIMIT 1   [ RunTime:0.0001s ]
SQL: SELECT * FROM `bl_category` WHERE `categoryid` = 9 LIMIT 1   [ RunTime:0.0001s ]
SQL: SELECT * FROM `bl_sign` WHERE `signid` = 37 LIMIT 1   [ RunTime:0.0001s ]
SQL: SELECT * FROM `bl_sign` WHERE `signid` = 45 LIMIT 1   [ RunTime:0.0001s ]
SQL: SELECT * FROM `bl_sign` WHERE `signid` = 51 LIMIT 1   [ RunTime:0.0001s ]
SQL: SELECT * FROM `bl_sign` WHERE `signid` = 52 LIMIT 1   [ RunTime:0.0001s ]
SQL: SELECT * FROM `bl_user` WHERE `uid` = 25 LIMIT 1   [ RunTime:0.0001s ]
SQL: SELECT * FROM `bl_category` WHERE `categoryid` = 9 LIMIT 1   [ RunTime:0.0001s ]
SQL: SELECT * FROM `bl_sign` WHERE `signid` = 37 LIMIT 1   [ RunTime:0.0001s ]
SQL: SELECT * FROM `bl_sign` WHERE `signid` = 45 LIMIT 1   [ RunTime:0.0001s ]
SQL: SELECT * FROM `bl_sign` WHERE `signid` = 46 LIMIT 1   [ RunTime:0.0001s ]
SQL: SELECT * FROM `bl_sign` WHERE `signid` = 49 LIMIT 1   [ RunTime:0.0001s ]
SQL: SELECT * FROM `bl_user` WHERE `uid` = 25 LIMIT 1   [ RunTime:0.0001s ]
SQL: SELECT * FROM `bl_category` WHERE `categoryid` = 9 LIMIT 1   [ RunTime:0.0001s ]
SQL: SELECT * FROM `bl_sign` WHERE `signid` = 37 LIMIT 1   [ RunTime:0.0001s ]
SQL: SELECT * FROM `bl_sign` WHERE `signid` = 45 LIMIT 1   [ RunTime:0.0001s ]
SQL: SELECT * FROM `bl_sign` WHERE `signid` = 46 LIMIT 1   [ RunTime:0.0001s ]
SQL: SELECT * FROM `bl_user` WHERE `uid` = 25 LIMIT 1   [ RunTime:0.0001s ]
SQL: SELECT * FROM `bl_category` WHERE `categoryid` = 9 LIMIT 1   [ RunTime:0.0001s ]
SQL: SELECT * FROM `bl_sign` WHERE `signid` = 37 LIMIT 1   [ RunTime:0.0001s ]
SQL: SELECT * FROM `bl_sign` WHERE `signid` = 45 LIMIT 1   [ RunTime:0.0001s ]
SQL: SELECT * FROM `bl_sign` WHERE `signid` = 46 LIMIT 1   [ RunTime:0.0001s ]
SQL: SELECT * FROM `bl_user` WHERE `uid` = 25 LIMIT 1   [ RunTime:0.0001s ]
SQL: SELECT * FROM `bl_category` WHERE `categoryid` = 9 LIMIT 1   [ RunTime:0.0001s ]
SQL: SELECT * FROM `bl_sign` WHERE `signid` = 37 LIMIT 1   [ RunTime:0.0001s ]
SQL: SELECT * FROM `bl_sign` WHERE `signid` = 45 LIMIT 1   [ RunTime:0.0001s ]
SQL: SELECT * FROM `bl_sign` WHERE `signid` = 46 LIMIT 1   [ RunTime:0.0001s ]
SQL: SELECT * FROM `bl_user` WHERE `uid` = 25 LIMIT 1   [ RunTime:0.0001s ]
SQL: SELECT * FROM `bl_category` WHERE `categoryid` = 9 LIMIT 1   [ RunTime:0.0001s ]
SQL: SELECT * FROM `bl_sign` WHERE `signid` = 37 LIMIT 1   [ RunTime:0.0001s ]
SQL: SELECT * FROM `bl_sign` WHERE `signid` = 46 LIMIT 1   [ RunTime:0.0001s ]
SQL: SELECT * FROM `bl_user` WHERE `uid` = 25 LIMIT 1   [ RunTime:0.0002s ]
SQL: SELECT * FROM `bl_category` WHERE `categoryid` = 9 LIMIT 1   [ RunTime:0.0001s ]
SQL: SELECT * FROM `bl_sign` WHERE `signid` = 37 LIMIT 1   [ RunTime:0.0001s ]
SQL: SELECT * FROM `bl_sign` WHERE `signid` = 45 LIMIT 1   [ RunTime:0.0001s ]
SQL: SELECT * FROM `bl_sign` WHERE `signid` = 46 LIMIT 1   [ RunTime:0.0001s ]
SQL: SELECT * FROM `bl_user` WHERE `uid` = 25 LIMIT 1   [ RunTime:0.0001s ]
SQL: SELECT * FROM `bl_category` WHERE `categoryid` = 9 LIMIT 1   [ RunTime:0.0001s ]
SQL: SELECT * FROM `bl_sign` WHERE `signid` = 45 LIMIT 1   [ RunTime:0.0001s ]
SQL: SELECT * FROM `bl_sign` WHERE `signid` = 46 LIMIT 1   [ RunTime:0.0001s ]
SQL: SELECT * FROM `bl_sign` WHERE `signid` = 47 LIMIT 1   [ RunTime:0.0001s ]
SQL: SELECT * FROM `bl_user` WHERE `uid` = 25 LIMIT 1   [ RunTime:0.0001s ]
SQL: SELECT * FROM `bl_category` WHERE `categoryid` = 9 LIMIT 1   [ RunTime:0.0001s ]
SQL: SELECT * FROM `bl_sign` WHERE `signid` = 45 LIMIT 1   [ RunTime:0.0001s ]
SQL: SELECT * FROM `bl_sign` WHERE `signid` = 46 LIMIT 1   [ RunTime:0.0001s ]
SQL: SELECT * FROM `bl_sign` WHERE `signid` = 47 LIMIT 1   [ RunTime:0.0001s ]
SQL: SELECT * FROM `bl_user` WHERE `uid` = 25 LIMIT 1   [ RunTime:0.0001s ]
SQL: SELECT * FROM `bl_category` WHERE `categoryid` = 1 LIMIT 1   [ RunTime:0.0001s ]
SQL: SELECT * FROM `bl_sign` WHERE `signid` = 15 LIMIT 1   [ RunTime:0.0001s ]
SQL: SELECT * FROM `bl_user` WHERE `uid` = 25 LIMIT 1   [ RunTime:0.0001s ]
SQL: SELECT * FROM `bl_category` WHERE `categoryid` = 11 LIMIT 1   [ RunTime:0.0001s ]
SQL: SELECT * FROM `bl_sign` WHERE `signid` = 43 LIMIT 1   [ RunTime:0.0001s ]
SQL: SELECT * FROM `bl_user` WHERE `uid` = 25 LIMIT 1   [ RunTime:0.0001s ]
SQL: SELECT * FROM `bl_category` WHERE `categoryid` = 9 LIMIT 1   [ RunTime:0.0001s ]
SQL: SELECT * FROM `bl_sign` WHERE `signid` = 41 LIMIT 1   [ RunTime:0.0001s ]
SQL: SELECT * FROM `bl_user` WHERE `uid` = 25 LIMIT 1   [ RunTime:0.0001s ]
SQL: SELECT * FROM `bl_category` WHERE `categoryid` = 10 LIMIT 1   [ RunTime:0.0001s ]
SQL: SELECT * FROM `bl_sign` WHERE `signid` = 39 LIMIT 1   [ RunTime:0.0001s ]
SQL: SELECT * FROM `bl_user` WHERE `uid` = 25 LIMIT 1   [ RunTime:0.0002s ]
SQL: SELECT * FROM `bl_category` WHERE `categoryid` = 10 LIMIT 1   [ RunTime:0.0001s ]
SQL: SELECT * FROM `bl_sign` WHERE `signid` = 39 LIMIT 1   [ RunTime:0.0001s ]
SQL: SELECT * FROM `bl_user` WHERE `uid` = 25 LIMIT 1   [ RunTime:0.0001s ]
SQL: SELECT * FROM `bl_category` WHERE `categoryid` = 9 LIMIT 1   [ RunTime:0.0001s ]
SQL: SELECT * FROM `bl_sign` WHERE `signid` = 35 LIMIT 1   [ RunTime:0.0001s ]
SQL: SELECT * FROM `bl_sign` WHERE `signid` = 36 LIMIT 1   [ RunTime:0.0001s ]
SQL: SELECT * FROM `bl_sign` WHERE `signid` = 37 LIMIT 1   [ RunTime:0.0001s ]
SQL: SELECT * FROM `bl_user` WHERE `uid` = 25 LIMIT 1   [ RunTime:0.0001s ]
SQL: SELECT * FROM `bl_category` WHERE `categoryid` = 9 LIMIT 1   [ RunTime:0.0001s ]
SQL: SELECT * FROM `bl_sign` WHERE `signid` = 30 LIMIT 1   [ RunTime:0.0001s ]
SQL: SELECT * FROM `bl_sign` WHERE `signid` = 38 LIMIT 1   [ RunTime:0.0002s ]
SQL: SELECT * FROM `bl_user` WHERE `uid` = 25 LIMIT 1   [ RunTime:0.0001s ]
SQL: SELECT * FROM `bl_category` WHERE `categoryid` = 9 LIMIT 1   [ RunTime:0.0001s ]
SQL: SELECT * FROM `bl_sign` WHERE `signid` = 27 LIMIT 1   [ RunTime:0.0001s ]
SQL: SELECT * FROM `bl_sign` WHERE `signid` = 28 LIMIT 1   [ RunTime:0.0002s ]
SQL: SELECT * FROM `bl_user` WHERE `uid` = 25 LIMIT 1   [ RunTime:0.0001s ]
SQL: SELECT * FROM `bl_category` WHERE `categoryid` = 9 LIMIT 1   [ RunTime:0.0001s ]
SQL: SELECT * FROM `bl_sign` WHERE `signid` = 21 LIMIT 1   [ RunTime:0.0001s ]
SQL: SELECT * FROM `bl_sign` WHERE `signid` = 22 LIMIT 1   [ RunTime:0.0001s ]
SQL: SELECT * FROM `bl_user` WHERE `uid` = 25 LIMIT 1   [ RunTime:0.0001s ]
SQL: SELECT * FROM `bl_category` WHERE `categoryid` = 1 LIMIT 1   [ RunTime:0.0001s ]
SQL: SELECT * FROM `bl_sign` WHERE `signid` = 2 LIMIT 1   [ RunTime:0.0001s ]
SQL: SELECT * FROM `bl_sign` WHERE `signid` = 3 LIMIT 1   [ RunTime:0.0001s ]
SQL: SELECT * FROM `bl_sign` WHERE `signid` = 14 LIMIT 1   [ RunTime:0.0001s ]
SQL: SELECT * FROM `bl_user` WHERE `uid` = 25 LIMIT 1   [ RunTime:0.0001s ]
SQL: SELECT * FROM `bl_category` WHERE `categoryid` = 4 LIMIT 1   [ RunTime:0.0001s ]
SQL: SELECT * FROM `bl_sign` WHERE `signid` = 6 LIMIT 1   [ RunTime:0.0001s ]
SQL: SELECT * FROM `bl_sign` WHERE `signid` = 13 LIMIT 1   [ RunTime:0.0001s ]
SQL: SELECT * FROM `bl_user` WHERE `uid` = 25 LIMIT 1   [ RunTime:0.0001s ]
INFO: [ view_parse ] --START--
INFO: [ template_filter ] --START--
INFO: Run Behavior\ContentReplaceBehavior [ RunTime:0.000072s ]
INFO: [ template_filter ] --END-- [ RunTime:0.000154s ]
INFO: Run Behavior\ParseTemplateBehavior [ RunTime:0.007869s ]
INFO: [ view_parse ] --END-- [ RunTime:0.007912s ]
INFO: [ view_filter ] --START--
INFO: Run Behavior\WriteHtmlCacheBehavior [ RunTime:0.000106s ]
INFO: [ view_filter ] --END-- [ RunTime:0.000143s ]
INFO: [ app_end ] --START--
INFO: Run Behavior\ShowPageTraceBehavior [ RunTime:0.000446s ]
INFO: [ app_end ] --END-- [ RunTime:0.000508s ]

